<?xml version="1.0" encoding="UTF-8"?>
<!-- Generated by org.testng.reporters.JUnitReportReporter -->
<testsuite skipped="0" hostname="Billah-Automation-Laptop" name="com.E_GP.QA.TestCases.BidSubmissionOTMePW2aTest" tests="2" failures="0" timestamp="09 Dec 2018 09:20:59 GMT" time="29.227" errors="2">
  <testcase name="bidSubmissionOTMePW2aWorksTest" time="18.623" classname="com.E_GP.QA.TestCases.BidSubmissionOTMePW2aTest">
    <error type="java.lang.Error" message="Unresolved compilation problems: 
	TestUtil cannot be resolved to a variable
	TimeUnit cannot be resolved to a variable
	TestUtil cannot be resolved to a variable
	TimeUnit cannot be resolved to a variable
	TestUtil cannot be resolved to a variable
	TimeUnit cannot be resolved to a variable
	TestUtil cannot be resolved to a variable
	TimeUnit cannot be resolved to a variable
	TestUtil cannot be resolved to a variable
	TimeUnit cannot be resolved to a variable
	TestUtil cannot be resolved to a variable
	TimeUnit cannot be resolved to a variable
	TestUtil cannot be resolved to a variable
	TimeUnit cannot be resolved to a variable
	TestUtil cannot be resolved to a variable
	TimeUnit cannot be resolved to a variable
	TestUtil cannot be resolved to a variable
	TimeUnit cannot be resolved to a variable
	TestUtil cannot be resolved to a variable
	TimeUnit cannot be resolved to a variable
	TestUtil cannot be resolved to a variable
	TimeUnit cannot be resolved to a variable
	TestUtil cannot be resolved to a variable
	TimeUnit cannot be resolved to a variable
	TestUtil cannot be resolved to a variable
	TimeUnit cannot be resolved to a variable
	TestUtil cannot be resolved to a variable
	TimeUnit cannot be resolved to a variable
	TestUtil cannot be resolved to a variable
	TimeUnit cannot be resolved to a variable
	TestUtil cannot be resolved to a variable
	TimeUnit cannot be resolved to a variable
	TestUtil cannot be resolved to a variable
	TimeUnit cannot be resolved to a variable
	TestUtil cannot be resolved to a variable
	TimeUnit cannot be resolved to a variable
	TestUtil cannot be resolved to a variable
	TimeUnit cannot be resolved to a variable
	TestUtil cannot be resolved to a variable
	TimeUnit cannot be resolved to a variable
	TestUtil cannot be resolved to a variable
	TimeUnit cannot be resolved to a variable
	TestUtil cannot be resolved to a variable
	TimeUnit cannot be resolved to a variable
	TestUtil cannot be resolved to a variable
	TimeUnit cannot be resolved to a variable
	TestUtil cannot be resolved to a variable
	TimeUnit cannot be resolved to a variable
	TestUtil cannot be resolved to a variable
	TimeUnit cannot be resolved to a variable
	TestUtil cannot be resolved to a variable
	TimeUnit cannot be resolved to a variable
	TestUtil cannot be resolved to a variable
	TimeUnit cannot be resolved to a variable
	TestUtil cannot be resolved to a variable
	TimeUnit cannot be resolved to a variable
	TestUtil cannot be resolved to a variable
	TimeUnit cannot be resolved to a variable
	TestUtil cannot be resolved to a variable
	TimeUnit cannot be resolved to a variable
	TestUtil cannot be resolved to a variable
	TimeUnit cannot be resolved to a variable
	TestUtil cannot be resolved to a variable
	TimeUnit cannot be resolved to a variable
	TestUtil cannot be resolved to a variable
	TimeUnit cannot be resolved to a variable
	TestUtil cannot be resolved to a variable
	TimeUnit cannot be resolved to a variable
	TestUtil cannot be resolved to a variable
	TimeUnit cannot be resolved to a variable
	TestUtil cannot be resolved to a variable
	TimeUnit cannot be resolved to a variable
	TestUtil cannot be resolved to a variable
	TimeUnit cannot be resolved to a variable
	TestUtil cannot be resolved to a variable
	TimeUnit cannot be resolved to a variable
	TestUtil cannot be resolved to a variable
	TimeUnit cannot be resolved to a variable
	TestUtil cannot be resolved to a variable
	TimeUnit cannot be resolved to a variable
	TestUtil cannot be resolved to a variable
	TimeUnit cannot be resolved to a variable
	TestUtil cannot be resolved to a variable
	TimeUnit cannot be resolved to a variable
	TestUtil cannot be resolved to a variable
	TimeUnit cannot be resolved to a variable
	TestUtil cannot be resolved to a variable
	TimeUnit cannot be resolved to a variable
	TestUtil cannot be resolved to a variable
	TimeUnit cannot be resolved to a variable
	TestUtil cannot be resolved to a variable
	TimeUnit cannot be resolved to a variable
	TestUtil cannot be resolved to a variable
	TimeUnit cannot be resolved to a variable
	TestUtil cannot be resolved to a variable
	TimeUnit cannot be resolved to a variable
	TestUtil cannot be resolved to a variable
	TimeUnit cannot be resolved to a variable
	TestUtil cannot be resolved to a variable
	TimeUnit cannot be resolved to a variable
">
      <![CDATA[java.lang.Error: Unresolved compilation problems: 
	TestUtil cannot be resolved to a variable
	TimeUnit cannot be resolved to a variable
	TestUtil cannot be resolved to a variable
	TimeUnit cannot be resolved to a variable
	TestUtil cannot be resolved to a variable
	TimeUnit cannot be resolved to a variable
	TestUtil cannot be resolved to a variable
	TimeUnit cannot be resolved to a variable
	TestUtil cannot be resolved to a variable
	TimeUnit cannot be resolved to a variable
	TestUtil cannot be resolved to a variable
	TimeUnit cannot be resolved to a variable
	TestUtil cannot be resolved to a variable
	TimeUnit cannot be resolved to a variable
	TestUtil cannot be resolved to a variable
	TimeUnit cannot be resolved to a variable
	TestUtil cannot be resolved to a variable
	TimeUnit cannot be resolved to a variable
	TestUtil cannot be resolved to a variable
	TimeUnit cannot be resolved to a variable
	TestUtil cannot be resolved to a variable
	TimeUnit cannot be resolved to a variable
	TestUtil cannot be resolved to a variable
	TimeUnit cannot be resolved to a variable
	TestUtil cannot be resolved to a variable
	TimeUnit cannot be resolved to a variable
	TestUtil cannot be resolved to a variable
	TimeUnit cannot be resolved to a variable
	TestUtil cannot be resolved to a variable
	TimeUnit cannot be resolved to a variable
	TestUtil cannot be resolved to a variable
	TimeUnit cannot be resolved to a variable
	TestUtil cannot be resolved to a variable
	TimeUnit cannot be resolved to a variable
	TestUtil cannot be resolved to a variable
	TimeUnit cannot be resolved to a variable
	TestUtil cannot be resolved to a variable
	TimeUnit cannot be resolved to a variable
	TestUtil cannot be resolved to a variable
	TimeUnit cannot be resolved to a variable
	TestUtil cannot be resolved to a variable
	TimeUnit cannot be resolved to a variable
	TestUtil cannot be resolved to a variable
	TimeUnit cannot be resolved to a variable
	TestUtil cannot be resolved to a variable
	TimeUnit cannot be resolved to a variable
	TestUtil cannot be resolved to a variable
	TimeUnit cannot be resolved to a variable
	TestUtil cannot be resolved to a variable
	TimeUnit cannot be resolved to a variable
	TestUtil cannot be resolved to a variable
	TimeUnit cannot be resolved to a variable
	TestUtil cannot be resolved to a variable
	TimeUnit cannot be resolved to a variable
	TestUtil cannot be resolved to a variable
	TimeUnit cannot be resolved to a variable
	TestUtil cannot be resolved to a variable
	TimeUnit cannot be resolved to a variable
	TestUtil cannot be resolved to a variable
	TimeUnit cannot be resolved to a variable
	TestUtil cannot be resolved to a variable
	TimeUnit cannot be resolved to a variable
	TestUtil cannot be resolved to a variable
	TimeUnit cannot be resolved to a variable
	TestUtil cannot be resolved to a variable
	TimeUnit cannot be resolved to a variable
	TestUtil cannot be resolved to a variable
	TimeUnit cannot be resolved to a variable
	TestUtil cannot be resolved to a variable
	TimeUnit cannot be resolved to a variable
	TestUtil cannot be resolved to a variable
	TimeUnit cannot be resolved to a variable
	TestUtil cannot be resolved to a variable
	TimeUnit cannot be resolved to a variable
	TestUtil cannot be resolved to a variable
	TimeUnit cannot be resolved to a variable
	TestUtil cannot be resolved to a variable
	TimeUnit cannot be resolved to a variable
	TestUtil cannot be resolved to a variable
	TimeUnit cannot be resolved to a variable
	TestUtil cannot be resolved to a variable
	TimeUnit cannot be resolved to a variable
	TestUtil cannot be resolved to a variable
	TimeUnit cannot be resolved to a variable
	TestUtil cannot be resolved to a variable
	TimeUnit cannot be resolved to a variable
	TestUtil cannot be resolved to a variable
	TimeUnit cannot be resolved to a variable
	TestUtil cannot be resolved to a variable
	TimeUnit cannot be resolved to a variable
	TestUtil cannot be resolved to a variable
	TimeUnit cannot be resolved to a variable
	TestUtil cannot be resolved to a variable
	TimeUnit cannot be resolved to a variable
	TestUtil cannot be resolved to a variable
	TimeUnit cannot be resolved to a variable
	TestUtil cannot be resolved to a variable
	TimeUnit cannot be resolved to a variable
	TestUtil cannot be resolved to a variable
	TimeUnit cannot be resolved to a variable

	at com.E_GP.QA.Page.BidSubmissionOTMePW2a.BidSubmissionOTMePW2aTender(BidSubmissionOTMePW2a.java:131)
	at com.E_GP.QA.TestCases.BidSubmissionOTMePW2aTest.bidSubmissionOTMePW2aWorksTest(BidSubmissionOTMePW2aTest.java:70)
	at sun.reflect.NativeMethodAccessorImpl.invoke0(Native Method)
	at sun.reflect.NativeMethodAccessorImpl.invoke(NativeMethodAccessorImpl.java:62)
	at sun.reflect.DelegatingMethodAccessorImpl.invoke(DelegatingMethodAccessorImpl.java:43)
	at java.lang.reflect.Method.invoke(Method.java:498)
	at org.testng.internal.MethodInvocationHelper.invokeMethod(MethodInvocationHelper.java:108)
	at org.testng.internal.Invoker.invokeMethod(Invoker.java:661)
	at org.testng.internal.Invoker.invokeTestMethod(Invoker.java:869)
	at org.testng.internal.Invoker.invokeTestMethods(Invoker.java:1193)
	at org.testng.internal.TestMethodWorker.invokeTestMethods(TestMethodWorker.java:126)
	at org.testng.internal.TestMethodWorker.run(TestMethodWorker.java:109)
	at org.testng.TestRunner.privateRun(TestRunner.java:744)
	at org.testng.TestRunner.run(TestRunner.java:602)
	at org.testng.SuiteRunner.runTest(SuiteRunner.java:380)
	at org.testng.SuiteRunner.runSequentially(SuiteRunner.java:375)
	at org.testng.SuiteRunner.privateRun(SuiteRunner.java:340)
	at org.testng.SuiteRunner.run(SuiteRunner.java:289)
	at org.testng.SuiteRunnerWorker.runSuite(SuiteRunnerWorker.java:52)
	at org.testng.SuiteRunnerWorker.run(SuiteRunnerWorker.java:86)
	at org.testng.TestNG.runSuitesSequentially(TestNG.java:1301)
	at org.testng.TestNG.runSuitesLocally(TestNG.java:1226)
	at org.testng.TestNG.runSuites(TestNG.java:1144)
	at org.testng.TestNG.run(TestNG.java:1115)
	at org.testng.remote.AbstractRemoteTestNG.run(AbstractRemoteTestNG.java:114)
	at org.testng.remote.RemoteTestNG.initAndRun(RemoteTestNG.java:251)
	at org.testng.remote.RemoteTestNG.main(RemoteTestNG.java:77)
]]>
    </error>
  </testcase> <!-- bidSubmissionOTMePW2aWorksTest -->
  <testcase name="bidSubmissionOTMePW2aWorksTest" time="10.604" classname="com.E_GP.QA.TestCases.BidSubmissionOTMePW2aTest">
    <error type="java.lang.Error" message="Unresolved compilation problems: 
	TestUtil cannot be resolved to a variable
	TimeUnit cannot be resolved to a variable
	TestUtil cannot be resolved to a variable
	TimeUnit cannot be resolved to a variable
	TestUtil cannot be resolved to a variable
	TimeUnit cannot be resolved to a variable
	TestUtil cannot be resolved to a variable
	TimeUnit cannot be resolved to a variable
	TestUtil cannot be resolved to a variable
	TimeUnit cannot be resolved to a variable
	TestUtil cannot be resolved to a variable
	TimeUnit cannot be resolved to a variable
	TestUtil cannot be resolved to a variable
	TimeUnit cannot be resolved to a variable
	TestUtil cannot be resolved to a variable
	TimeUnit cannot be resolved to a variable
	TestUtil cannot be resolved to a variable
	TimeUnit cannot be resolved to a variable
	TestUtil cannot be resolved to a variable
	TimeUnit cannot be resolved to a variable
	TestUtil cannot be resolved to a variable
	TimeUnit cannot be resolved to a variable
	TestUtil cannot be resolved to a variable
	TimeUnit cannot be resolved to a variable
	TestUtil cannot be resolved to a variable
	TimeUnit cannot be resolved to a variable
	TestUtil cannot be resolved to a variable
	TimeUnit cannot be resolved to a variable
	TestUtil cannot be resolved to a variable
	TimeUnit cannot be resolved to a variable
	TestUtil cannot be resolved to a variable
	TimeUnit cannot be resolved to a variable
	TestUtil cannot be resolved to a variable
	TimeUnit cannot be resolved to a variable
	TestUtil cannot be resolved to a variable
	TimeUnit cannot be resolved to a variable
	TestUtil cannot be resolved to a variable
	TimeUnit cannot be resolved to a variable
	TestUtil cannot be resolved to a variable
	TimeUnit cannot be resolved to a variable
	TestUtil cannot be resolved to a variable
	TimeUnit cannot be resolved to a variable
	TestUtil cannot be resolved to a variable
	TimeUnit cannot be resolved to a variable
	TestUtil cannot be resolved to a variable
	TimeUnit cannot be resolved to a variable
	TestUtil cannot be resolved to a variable
	TimeUnit cannot be resolved to a variable
	TestUtil cannot be resolved to a variable
	TimeUnit cannot be resolved to a variable
	TestUtil cannot be resolved to a variable
	TimeUnit cannot be resolved to a variable
	TestUtil cannot be resolved to a variable
	TimeUnit cannot be resolved to a variable
	TestUtil cannot be resolved to a variable
	TimeUnit cannot be resolved to a variable
	TestUtil cannot be resolved to a variable
	TimeUnit cannot be resolved to a variable
	TestUtil cannot be resolved to a variable
	TimeUnit cannot be resolved to a variable
	TestUtil cannot be resolved to a variable
	TimeUnit cannot be resolved to a variable
	TestUtil cannot be resolved to a variable
	TimeUnit cannot be resolved to a variable
	TestUtil cannot be resolved to a variable
	TimeUnit cannot be resolved to a variable
	TestUtil cannot be resolved to a variable
	TimeUnit cannot be resolved to a variable
	TestUtil cannot be resolved to a variable
	TimeUnit cannot be resolved to a variable
	TestUtil cannot be resolved to a variable
	TimeUnit cannot be resolved to a variable
	TestUtil cannot be resolved to a variable
	TimeUnit cannot be resolved to a variable
	TestUtil cannot be resolved to a variable
	TimeUnit cannot be resolved to a variable
	TestUtil cannot be resolved to a variable
	TimeUnit cannot be resolved to a variable
	TestUtil cannot be resolved to a variable
	TimeUnit cannot be resolved to a variable
	TestUtil cannot be resolved to a variable
	TimeUnit cannot be resolved to a variable
	TestUtil cannot be resolved to a variable
	TimeUnit cannot be resolved to a variable
	TestUtil cannot be resolved to a variable
	TimeUnit cannot be resolved to a variable
	TestUtil cannot be resolved to a variable
	TimeUnit cannot be resolved to a variable
	TestUtil cannot be resolved to a variable
	TimeUnit cannot be resolved to a variable
	TestUtil cannot be resolved to a variable
	TimeUnit cannot be resolved to a variable
	TestUtil cannot be resolved to a variable
	TimeUnit cannot be resolved to a variable
	TestUtil cannot be resolved to a variable
	TimeUnit cannot be resolved to a variable
	TestUtil cannot be resolved to a variable
	TimeUnit cannot be resolved to a variable
	TestUtil cannot be resolved to a variable
	TimeUnit cannot be resolved to a variable
">
      <![CDATA[java.lang.Error: Unresolved compilation problems: 
	TestUtil cannot be resolved to a variable
	TimeUnit cannot be resolved to a variable
	TestUtil cannot be resolved to a variable
	TimeUnit cannot be resolved to a variable
	TestUtil cannot be resolved to a variable
	TimeUnit cannot be resolved to a variable
	TestUtil cannot be resolved to a variable
	TimeUnit cannot be resolved to a variable
	TestUtil cannot be resolved to a variable
	TimeUnit cannot be resolved to a variable
	TestUtil cannot be resolved to a variable
	TimeUnit cannot be resolved to a variable
	TestUtil cannot be resolved to a variable
	TimeUnit cannot be resolved to a variable
	TestUtil cannot be resolved to a variable
	TimeUnit cannot be resolved to a variable
	TestUtil cannot be resolved to a variable
	TimeUnit cannot be resolved to a variable
	TestUtil cannot be resolved to a variable
	TimeUnit cannot be resolved to a variable
	TestUtil cannot be resolved to a variable
	TimeUnit cannot be resolved to a variable
	TestUtil cannot be resolved to a variable
	TimeUnit cannot be resolved to a variable
	TestUtil cannot be resolved to a variable
	TimeUnit cannot be resolved to a variable
	TestUtil cannot be resolved to a variable
	TimeUnit cannot be resolved to a variable
	TestUtil cannot be resolved to a variable
	TimeUnit cannot be resolved to a variable
	TestUtil cannot be resolved to a variable
	TimeUnit cannot be resolved to a variable
	TestUtil cannot be resolved to a variable
	TimeUnit cannot be resolved to a variable
	TestUtil cannot be resolved to a variable
	TimeUnit cannot be resolved to a variable
	TestUtil cannot be resolved to a variable
	TimeUnit cannot be resolved to a variable
	TestUtil cannot be resolved to a variable
	TimeUnit cannot be resolved to a variable
	TestUtil cannot be resolved to a variable
	TimeUnit cannot be resolved to a variable
	TestUtil cannot be resolved to a variable
	TimeUnit cannot be resolved to a variable
	TestUtil cannot be resolved to a variable
	TimeUnit cannot be resolved to a variable
	TestUtil cannot be resolved to a variable
	TimeUnit cannot be resolved to a variable
	TestUtil cannot be resolved to a variable
	TimeUnit cannot be resolved to a variable
	TestUtil cannot be resolved to a variable
	TimeUnit cannot be resolved to a variable
	TestUtil cannot be resolved to a variable
	TimeUnit cannot be resolved to a variable
	TestUtil cannot be resolved to a variable
	TimeUnit cannot be resolved to a variable
	TestUtil cannot be resolved to a variable
	TimeUnit cannot be resolved to a variable
	TestUtil cannot be resolved to a variable
	TimeUnit cannot be resolved to a variable
	TestUtil cannot be resolved to a variable
	TimeUnit cannot be resolved to a variable
	TestUtil cannot be resolved to a variable
	TimeUnit cannot be resolved to a variable
	TestUtil cannot be resolved to a variable
	TimeUnit cannot be resolved to a variable
	TestUtil cannot be resolved to a variable
	TimeUnit cannot be resolved to a variable
	TestUtil cannot be resolved to a variable
	TimeUnit cannot be resolved to a variable
	TestUtil cannot be resolved to a variable
	TimeUnit cannot be resolved to a variable
	TestUtil cannot be resolved to a variable
	TimeUnit cannot be resolved to a variable
	TestUtil cannot be resolved to a variable
	TimeUnit cannot be resolved to a variable
	TestUtil cannot be resolved to a variable
	TimeUnit cannot be resolved to a variable
	TestUtil cannot be resolved to a variable
	TimeUnit cannot be resolved to a variable
	TestUtil cannot be resolved to a variable
	TimeUnit cannot be resolved to a variable
	TestUtil cannot be resolved to a variable
	TimeUnit cannot be resolved to a variable
	TestUtil cannot be resolved to a variable
	TimeUnit cannot be resolved to a variable
	TestUtil cannot be resolved to a variable
	TimeUnit cannot be resolved to a variable
	TestUtil cannot be resolved to a variable
	TimeUnit cannot be resolved to a variable
	TestUtil cannot be resolved to a variable
	TimeUnit cannot be resolved to a variable
	TestUtil cannot be resolved to a variable
	TimeUnit cannot be resolved to a variable
	TestUtil cannot be resolved to a variable
	TimeUnit cannot be resolved to a variable
	TestUtil cannot be resolved to a variable
	TimeUnit cannot be resolved to a variable
	TestUtil cannot be resolved to a variable
	TimeUnit cannot be resolved to a variable

	at com.E_GP.QA.Page.BidSubmissionOTMePW2a.BidSubmissionOTMePW2aTender(BidSubmissionOTMePW2a.java:131)
	at com.E_GP.QA.TestCases.BidSubmissionOTMePW2aTest.bidSubmissionOTMePW2aWorksTest(BidSubmissionOTMePW2aTest.java:70)
	at sun.reflect.NativeMethodAccessorImpl.invoke0(Native Method)
	at sun.reflect.NativeMethodAccessorImpl.invoke(NativeMethodAccessorImpl.java:62)
	at sun.reflect.DelegatingMethodAccessorImpl.invoke(DelegatingMethodAccessorImpl.java:43)
	at java.lang.reflect.Method.invoke(Method.java:498)
	at org.testng.internal.MethodInvocationHelper.invokeMethod(MethodInvocationHelper.java:108)
	at org.testng.internal.Invoker.invokeMethod(Invoker.java:661)
	at org.testng.internal.Invoker.invokeTestMethod(Invoker.java:869)
	at org.testng.internal.Invoker.invokeTestMethods(Invoker.java:1193)
	at org.testng.internal.TestMethodWorker.invokeTestMethods(TestMethodWorker.java:126)
	at org.testng.internal.TestMethodWorker.run(TestMethodWorker.java:109)
	at org.testng.TestRunner.privateRun(TestRunner.java:744)
	at org.testng.TestRunner.run(TestRunner.java:602)
	at org.testng.SuiteRunner.runTest(SuiteRunner.java:380)
	at org.testng.SuiteRunner.runSequentially(SuiteRunner.java:375)
	at org.testng.SuiteRunner.privateRun(SuiteRunner.java:340)
	at org.testng.SuiteRunner.run(SuiteRunner.java:289)
	at org.testng.SuiteRunnerWorker.runSuite(SuiteRunnerWorker.java:52)
	at org.testng.SuiteRunnerWorker.run(SuiteRunnerWorker.java:86)
	at org.testng.TestNG.runSuitesSequentially(TestNG.java:1301)
	at org.testng.TestNG.runSuitesLocally(TestNG.java:1226)
	at org.testng.TestNG.runSuites(TestNG.java:1144)
	at org.testng.TestNG.run(TestNG.java:1115)
	at org.testng.remote.AbstractRemoteTestNG.run(AbstractRemoteTestNG.java:114)
	at org.testng.remote.RemoteTestNG.initAndRun(RemoteTestNG.java:251)
	at org.testng.remote.RemoteTestNG.main(RemoteTestNG.java:77)
]]>
    </error>
  </testcase> <!-- bidSubmissionOTMePW2aWorksTest -->
</testsuite> <!-- com.E_GP.QA.TestCases.BidSubmissionOTMePW2aTest -->
